#
# There is insufficient memory for the Java Runtime Environment to continue.
# Native memory allocation (mmap) failed to map 134217728 bytes for Failed to commit area from 0x0000000080c00000 to 0x0000000088c00000 of length 134217728.
# Possible reasons:
#   The system is out of physical RAM or swap space
#   The process is running with CompressedOops enabled, and the Java Heap may be blocking the growth of the native heap
# Possible solutions:
#   Reduce memory load on the system
#   Increase physical memory or swap space
#   Check if swap backing store is full
#   Decrease Java heap size (-Xmx/-Xms)
#   Decrease number of Java threads
#   Decrease Java thread stack sizes (-Xss)
#   Set larger code cache with -XX:ReservedCodeCacheSize=
#   JVM is running with Unscaled Compressed Oops mode in which the Java heap is
#     placed in the first 4GB address space. The Java Heap base address is the
#     maximum limit for the native heap growth. Please use -XX:HeapBaseMinAddress
#     to set the Java Heap base and to place the Java Heap above 4GB virtual address.
# This output file may be truncated or incomplete.
#
#  Out of Memory Error (./open/src/hotspot/os/windows/os_windows.cpp:3315), pid=42348, tid=42508
#
# JRE version:  (14.0.2+12) (build )
# Java VM: Java HotSpot(TM) 64-Bit Server VM (14.0.2+12-46, mixed mode, sharing, tiered, compressed oops, g1 gc, windows-amd64)
# No core dump will be written. Minidumps are not enabled by default on client versions of Windows
#

---------------  S U M M A R Y ------------

Command Line: -Dfile.encoding=MS949 -XX:+ShowCodeDetailsInExceptionMessages JTabbedPaneTest

Host: Intel(R) Core(TM) i5-6500 CPU @ 3.20GHz, 4 cores, 7G,  Windows 10 , 64 bit Build 19041 (10.0.19041.1023)
Time: Mon Jul 12 13:28:08 2021 대한민국 표준시 elapsed time: 0 seconds (0d 0h 0m 0s)

---------------  T H R E A D  ---------------

Current thread (0x000001d3385c7000):  JavaThread "Unknown thread" [_thread_in_vm, id=42508, stack(0x0000002a3a900000,0x0000002a3aa00000)]

Stack: [0x0000002a3a900000,0x0000002a3aa00000]
Native frames: (J=compiled Java code, j=interpreted, Vv=VM code, C=native code)
V  [jvm.dll+0x5f8a9a]
V  [jvm.dll+0x74247a]
V  [jvm.dll+0x743c2f]
V  [jvm.dll+0x744273]
V  [jvm.dll+0x20d288]
V  [jvm.dll+0x5f5dea]
V  [jvm.dll+0x5eac45]
V  [jvm.dll+0x2c7e9c]
V  [jvm.dll+0x2c7cd2]
V  [jvm.dll+0x2cdbbc]
V  [jvm.dll+0x313fe8]
V  [jvm.dll+0x313710]
V  [jvm.dll+0x2a092a]
V  [jvm.dll+0x2a1a79]
V  [jvm.dll+0x71fd48]
V  [jvm.dll+0x321c14]
V  [jvm.dll+0x70112c]
V  [jvm.dll+0x392def]
V  [jvm.dll+0x394e61]
C  [jli.dll+0x524b]
C  [ucrtbase.dll+0x21bb2]
C  [KERNEL32.DLL+0x17034]
C  [ntdll.dll+0x52651]


---------------  P R O C E S S  ---------------

Threads class SMR info:
_java_thread_list=0x00007ffb6c0e3038, length=0, elements={
}

Java Threads: ( => current thread )

Other Threads:
  0x000001d33860c000 GCTaskThread "GC Thread#0" [stack: 0x0000002a3aa00000,0x0000002a3ab00000] [id=40844]
  0x000001d33861d800 ConcurrentGCThread "G1 Main Marker" [stack: 0x0000002a3ab00000,0x0000002a3ac00000] [id=42540]
  0x000001d338620800 ConcurrentGCThread "G1 Conc#0" [stack: 0x0000002a3ac00000,0x0000002a3ad00000] [id=40880]

[error occurred during error reporting (printing all threads), id 0xc0000005, EXCEPTION_ACCESS_VIOLATION (0xc0000005) at pc=0x00007ffb6b911257]

VM state:not at safepoint (not fully initialized)

VM Mutex/Monitor currently owned by a thread:  ([mutex/lock_event])
[0x000001d33640c200] Heap_lock - owner thread: 0x000001d3385c7000

Heap address: 0x0000000080c00000, size: 2036 MB, Compressed Oops mode: 32-bit
Narrow klass base: 0x0000000000000000, Narrow klass shift: 0

GC Heap History (0 events):
No events

Deoptimization events (0 events):
No events

Classes unloaded (0 events):
No events

Classes redefined (0 events):
No events

Internal exceptions (0 events):
No events

Events (2 events):
Event: 0.023 Loaded shared library C:\Program Files\Java\jdk-14.0.2\bin\java.dll
Event: 0.024 Loaded shared library C:\Program Files\Java\jdk-14.0.2\bin\zip.dll


Dynamic libraries:
0x00007ff719c80000 - 0x00007ff719c8f000 	C:\Program Files\Java\jdk-14.0.2\bin\javaw.exe
0x00007ffbcbcf0000 - 0x00007ffbcbee5000 	C:\WINDOWS\SYSTEM32\ntdll.dll
0x00007ffbcb4b0000 - 0x00007ffbcb56d000 	C:\WINDOWS\System32\KERNEL32.DLL
0x00007ffbc96b0000 - 0x00007ffbc9978000 	C:\WINDOWS\System32\KERNELBASE.dll
0x00007ffbc95b0000 - 0x00007ffbc96b0000 	C:\WINDOWS\System32\ucrtbase.dll
0x00007ffbb2650000 - 0x00007ffbb2668000 	C:\Program Files\Java\jdk-14.0.2\bin\jli.dll
0x00007ffbca8d0000 - 0x00007ffbca97c000 	C:\WINDOWS\System32\ADVAPI32.dll
0x00007ffbcae90000 - 0x00007ffbcaf2e000 	C:\WINDOWS\System32\msvcrt.dll
0x00007ffbca830000 - 0x00007ffbca8cb000 	C:\WINDOWS\System32\sechost.dll
0x00007ffbca700000 - 0x00007ffbca82b000 	C:\WINDOWS\System32\RPCRT4.dll
0x00007ffbc9ea0000 - 0x00007ffbca040000 	C:\WINDOWS\System32\USER32.dll
0x00007ffbc9a10000 - 0x00007ffbc9a32000 	C:\WINDOWS\System32\win32u.dll
0x00007ffbcabe0000 - 0x00007ffbcac0a000 	C:\WINDOWS\System32\GDI32.dll
0x00007ffbc9c50000 - 0x00007ffbc9d5b000 	C:\WINDOWS\System32\gdi32full.dll
0x00007ffbc9430000 - 0x00007ffbc94cd000 	C:\WINDOWS\System32\msvcp_win.dll
0x00007ffbab960000 - 0x00007ffbab975000 	C:\Program Files\Java\jdk-14.0.2\bin\VCRUNTIME140.dll
0x00007ffbb85e0000 - 0x00007ffbb887a000 	C:\WINDOWS\WinSxS\amd64_microsoft.windows.common-controls_6595b64144ccf1df_6.0.19041.1052_none_60b8f8fd71f5e8cb\COMCTL32.dll
0x00007ffbc1240000 - 0x00007ffbc124a000 	C:\WINDOWS\SYSTEM32\VERSION.dll
0x00007ffbcb480000 - 0x00007ffbcb4b0000 	C:\WINDOWS\System32\IMM32.DLL
0x00007ffb95270000 - 0x00007ffb9530b000 	C:\Program Files\Java\jdk-14.0.2\bin\msvcp140.dll
0x00007ffb6b660000 - 0x00007ffb6c17e000 	C:\Program Files\Java\jdk-14.0.2\bin\server\jvm.dll
0x00007ffbcaab0000 - 0x00007ffbcaab8000 	C:\WINDOWS\System32\PSAPI.DLL
0x00007ffbb80d0000 - 0x00007ffbb80d9000 	C:\WINDOWS\SYSTEM32\WSOCK32.dll
0x00007ffbca630000 - 0x00007ffbca69b000 	C:\WINDOWS\System32\WS2_32.dll
0x00007ffbbf680000 - 0x00007ffbbf6a7000 	C:\WINDOWS\SYSTEM32\WINMM.dll
0x00007ffbc73a0000 - 0x00007ffbc73b2000 	C:\WINDOWS\SYSTEM32\kernel.appcore.dll
0x00007ffbb7940000 - 0x00007ffbb794a000 	C:\Program Files\Java\jdk-14.0.2\bin\jimage.dll
0x00007ffbb7750000 - 0x00007ffbb7934000 	C:\WINDOWS\SYSTEM32\DBGHELP.DLL
0x00007ffbb7720000 - 0x00007ffbb774c000 	C:\WINDOWS\SYSTEM32\dbgcore.DLL
0x00007ffbc9520000 - 0x00007ffbc95a3000 	C:\WINDOWS\System32\bcryptPrimitives.dll
0x00007ffba4c60000 - 0x00007ffba4c85000 	C:\Program Files\Java\jdk-14.0.2\bin\java.dll
0x00007ffba9ac0000 - 0x00007ffba9ad6000 	C:\Program Files\Java\jdk-14.0.2\bin\zip.dll

dbghelp: loaded successfully - version: 4.0.5 - missing functions: none
symbol engine: initialized successfully - sym options: 0x614 - pdb path: .;C:\Program Files\Java\jdk-14.0.2\bin;C:\WINDOWS\SYSTEM32;C:\WINDOWS\WinSxS\amd64_microsoft.windows.common-controls_6595b64144ccf1df_6.0.19041.1052_none_60b8f8fd71f5e8cb;C:\Program Files\Java\jdk-14.0.2\bin\server

VM Arguments:
jvm_args: -Dfile.encoding=MS949 -XX:+ShowCodeDetailsInExceptionMessages 
java_command: JTabbedPaneTest
java_class_path (initial): D:\workspaceJava\java09_swing\bin
Launcher Type: SUN_STANDARD

[Global flags]
     intx CICompilerCount                          = 3                                         {product} {ergonomic}
     uint ConcGCThreads                            = 1                                         {product} {ergonomic}
     uint G1ConcRefinementThreads                  = 4                                         {product} {ergonomic}
   size_t G1HeapRegionSize                         = 1048576                                   {product} {ergonomic}
    uintx GCDrainStackTargetSize                   = 64                                        {product} {ergonomic}
   size_t InitialHeapSize                          = 134217728                                 {product} {ergonomic}
   size_t MarkStackSize                            = 4194304                                   {product} {ergonomic}
   size_t MaxHeapSize                              = 2134900736                                {product} {ergonomic}
   size_t MinHeapDeltaBytes                        = 1048576                                   {product} {ergonomic}
   size_t MinHeapSize                              = 8388608                                   {product} {ergonomic}
    uintx NonNMethodCodeHeapSize                   = 5832780                                {pd product} {ergonomic}
    uintx NonProfiledCodeHeapSize                  = 122912730                              {pd product} {ergonomic}
    uintx ProfiledCodeHeapSize                     = 122912730                              {pd product} {ergonomic}
    uintx ReservedCodeCacheSize                    = 251658240                              {pd product} {ergonomic}
     bool SegmentedCodeCache                       = true                                      {product} {ergonomic}
     bool ShowCodeDetailsInExceptionMessages       = true                                   {manageable} {command line}
   size_t SoftMaxHeapSize                          = 2134900736                             {manageable} {ergonomic}
     bool UseCompressedClassPointers               = true                                 {lp64_product} {ergonomic}
     bool UseCompressedOops                        = true                                 {lp64_product} {ergonomic}
     bool UseG1GC                                  = true                                      {product} {ergonomic}
     bool UseLargePagesIndividualAllocation        = false                                  {pd product} {ergonomic}

Logging:
Log output configuration:
 #0: stdout all=warning uptime,level,tags
 #1: stderr all=off uptime,level,tags

Environment Variables:
JAVA_HOME=C:\Program Files\Java\jdk-14.0.2
CLASSPATH=C:\Program Files\Java\jdk-14.0.2\lib;
PATH=D:/프로그램/eclipse-jee-2021-03-R-win32-x86_64/eclipse//plugins/org.eclipse.justj.openjdk.hotspot.jre.full.win32.x86_64_15.0.2.v20210201-0955/jre/bin/server;D:/프로그램/eclipse-jee-2021-03-R-win32-x86_64/eclipse//plugins/org.eclipse.justj.openjdk.hotspot.jre.full.win32.x86_64_15.0.2.v20210201-0955/jre/bin;C:\app\omle5\product\18.0.0\dbhomeXE\bin;C:\WINDOWS\system32;C:\WINDOWS;C:\WINDOWS\System32\Wbem;C:\WINDOWS\System32\WindowsPowerShell\v1.0\;C:\WINDOWS\System32\OpenSSH\;C:\Program Files\Java\jdk-14.0.2\bin;C:\Users\omle5\AppData\Local\Microsoft\WindowsApps;C:\Program Files\Bandizip\;C:\Users\omle5\AppData\Local\GitHubDesktop\bin;D:\프로그램\eclipse-jee-2021-03-R-win32-x86_64\eclipse;
USERNAME=omle5
OS=Windows_NT
PROCESSOR_IDENTIFIER=Intel64 Family 6 Model 94 Stepping 3, GenuineIntel



---------------  S Y S T E M  ---------------

OS: Windows 10 , 64 bit Build 19041 (10.0.19041.1023)
OS uptime: 13 days 1:13 hours

CPU:total 4 (initial active 4) (4 cores per cpu, 1 threads per core) family 6 model 94 stepping 3, cmov, cx8, fxsr, mmx, sse, sse2, sse3, ssse3, sse4.1, sse4.2, popcnt, avx, avx2, aes, clmul, erms, rtm, 3dnowpref, lzcnt, tsc, tscinvbit, bmi1, bmi2, adx, fma

Memory: 4k page, system-wide physical 8141M (458M free)
TotalPageFile size 32717M (AvailPageFile size 21M)
current process WorkingSet (physical memory assigned to process): 10M, peak: 10M
current process commit charge ("private bytes"): 51M, peak: 179M

vm_info: Java HotSpot(TM) 64-Bit Server VM (14.0.2+12-46) for windows-amd64 JRE (14.0.2+12-46), built on Jul  9 2020 00:35:52 by "mach5one" with MS VC++ 15.9 (VS2017)

END.
